2022-03-20 11:46:11 : Log file (logFile) created : N:\My Drive\_Software\GitHub\ETransL\titanic.log
2022-03-20 11:46:11 : Log file append mode : N
2022-03-20 11:46:11 : Parameter Transaction WorkBookName (wbTransName) : titanic_dataset.xlsx
2022-03-20 11:46:11 : Parameter Transaction SheetName (shtTransName) : dataset
2022-03-20 11:46:11**** WARNING **** : WB: <<titanic_dataset.xlsx>> doesn't exist. Trying application directory.
2022-03-20 11:46:11 : Parameter Template WorkBookName (wbTemplateName) : Template.xlsx
2022-03-20 11:46:11 : Parameter Template SheetName (shtTemplateName) : Tmplt
2022-03-20 11:46:11**** WARNING **** : WB: <<Template.xlsx>> doesn't exist. Trying application directory.
2022-03-20 11:46:12 : Parameter Start processing Transactions @ row (strtRowTrans) : 17
2022-03-20 11:46:12 : Parameter Start processing Transactions @ row (endRowTrans) : 907
2022-03-20 11:46:12 : Parameter Start processing Template @ row (strtRowTemplate) : 1
2022-03-20 11:46:12 : Reading Template File
2022-03-20 11:46:12**** WARNING **** : NoBrackets has undefined Padding. Assuming R
2022-03-20 11:46:12**** WARNING **** : MaleOrSingleFemale has undefined Padding. Assuming R
2022-03-20 11:46:12**** WARNING **** : StartNamePos has undefined Padding. Assuming R
2022-03-20 11:46:12**** WARNING **** : LenName has undefined Padding. Assuming R
2022-03-20 11:46:12**** WARNING **** : StartDelim has undefined Padding. Assuming R
2022-03-20 11:46:12**** WARNING **** : EndDelim has undefined Padding. Assuming R
2022-03-20 11:46:12 : Output file (resultFile) created : N:\My Drive\_Software\GitHub\ETransL\titanic-dataset.txt
 
2022-03-20 11:46:12 : Processing row : 1
2022-03-20 11:46:12**** WARNING **** Title : StartNamePos : CF : Unable to evaluate : =IF("True" = "False" , FIND("(", [titanic_dataset.xlsx]dataset!D1 ) +1 , SEARCH(". ", [titanic_dataset.xlsx]dataset!D1 )+2)
2022-03-20 11:46:12**** WARNING **** Title : LenName : CF : Unable to evaluate : =IF( "True" = "False" ,  FIND(")", [titanic_dataset.xlsx]dataset!D1 ) - FIND("(", [titanic_dataset.xlsx]dataset!D1 )-1, LEN( [titanic_dataset.xlsx]dataset!D1 )-SEARCH(". ", [titanic_dataset.xlsx]dataset!D1 )+2)
2022-03-20 11:46:12**** WARNING **** Title : LastName : CM : Unable to evaluate : =TRIM(LEFT( "" , FIND(",", "" ,1)-1))
2022-03-20 11:46:12**** WARNING **** Title : FirstName : CF : Unable to evaluate : =MID( [titanic_dataset.xlsx]dataset!D1 , Error 2015 , Error 2015 )
2022-03-20 11:46:12**** WARNING **** Title : Fare_2022 : CM : Unable to evaluate : =TEXT(  * 28.98 * 100 ,"0")
 
2022-03-20 11:46:12 : Processing row : 2
2022-03-20 11:46:12**** WARNING **** Title : StartNamePos : CF : Unable to evaluate : =IF("True" = "False" , FIND("(", [titanic_dataset.xlsx]dataset!D2 ) +1 , SEARCH(". ", [titanic_dataset.xlsx]dataset!D2 )+2)
2022-03-20 11:46:12**** WARNING **** Title : LenName : CF : Unable to evaluate : =IF( "True" = "False" ,  FIND(")", [titanic_dataset.xlsx]dataset!D2 ) - FIND("(", [titanic_dataset.xlsx]dataset!D2 )-1, LEN( [titanic_dataset.xlsx]dataset!D2 )-SEARCH(". ", [titanic_dataset.xlsx]dataset!D2 )+2)
2022-03-20 11:46:12**** WARNING **** Title : LastName : CM : Unable to evaluate : =TRIM(LEFT( "" , FIND(",", "" ,1)-1))
2022-03-20 11:46:12**** WARNING **** Title : FirstName : CF : Unable to evaluate : =MID( [titanic_dataset.xlsx]dataset!D2 , Error 2015 , Error 2015 )
2022-03-20 11:46:12**** WARNING **** Title : Fare_2022 : CM : Unable to evaluate : =TEXT(  * 28.98 * 100 ,"0")
 
2022-03-20 11:46:12 : Processing row : 3
2022-03-20 11:46:12**** WARNING **** Title : StartNamePos : CF : Unable to evaluate : =IF("True" = "False" , FIND("(", [titanic_dataset.xlsx]dataset!D3 ) +1 , SEARCH(". ", [titanic_dataset.xlsx]dataset!D3 )+2)
2022-03-20 11:46:12**** WARNING **** Title : LenName : CF : Unable to evaluate : =IF( "True" = "False" ,  FIND(")", [titanic_dataset.xlsx]dataset!D3 ) - FIND("(", [titanic_dataset.xlsx]dataset!D3 )-1, LEN( [titanic_dataset.xlsx]dataset!D3 )-SEARCH(". ", [titanic_dataset.xlsx]dataset!D3 )+2)
2022-03-20 11:46:12**** WARNING **** Title : LastName : CM : Unable to evaluate : =TRIM(LEFT( "" , FIND(",", "" ,1)-1))
2022-03-20 11:46:12**** WARNING **** Title : FirstName : CF : Unable to evaluate : =MID( [titanic_dataset.xlsx]dataset!D3 , Error 2015 , Error 2015 )
2022-03-20 11:46:12**** WARNING **** Title : Fare_2022 : CM : Unable to evaluate : =TEXT(  * 28.98 * 100 ,"0")
 
2022-03-20 11:46:12 : Processing row : 4
2022-03-20 11:46:12**** WARNING **** Title : StartNamePos : CF : Unable to evaluate : =IF("True" = "False" , FIND("(", [titanic_dataset.xlsx]dataset!D4 ) +1 , SEARCH(". ", [titanic_dataset.xlsx]dataset!D4 )+2)
2022-03-20 11:46:12**** WARNING **** Title : LenName : CF : Unable to evaluate : =IF( "True" = "False" ,  FIND(")", [titanic_dataset.xlsx]dataset!D4 ) - FIND("(", [titanic_dataset.xlsx]dataset!D4 )-1, LEN( [titanic_dataset.xlsx]dataset!D4 )-SEARCH(". ", [titanic_dataset.xlsx]dataset!D4 )+2)
2022-03-20 11:46:12**** WARNING **** Title : LastName : CM : Unable to evaluate : =TRIM(LEFT( "" , FIND(",", "" ,1)-1))
2022-03-20 11:46:12**** WARNING **** Title : FirstName : CF : Unable to evaluate : =MID( [titanic_dataset.xlsx]dataset!D4 , Error 2015 , Error 2015 )
2022-03-20 11:46:12**** WARNING **** Title : Fare_2022 : CM : Unable to evaluate : =TEXT(  * 28.98 * 100 ,"0")
 
2022-03-20 11:46:12 : Processing row : 5
2022-03-20 11:46:12**** WARNING **** Title : StartNamePos : CF : Unable to evaluate : =IF("True" = "False" , FIND("(", [titanic_dataset.xlsx]dataset!D5 ) +1 , SEARCH(". ", [titanic_dataset.xlsx]dataset!D5 )+2)
2022-03-20 11:46:12**** WARNING **** Title : LenName : CF : Unable to evaluate : =IF( "True" = "False" ,  FIND(")", [titanic_dataset.xlsx]dataset!D5 ) - FIND("(", [titanic_dataset.xlsx]dataset!D5 )-1, LEN( [titanic_dataset.xlsx]dataset!D5 )-SEARCH(". ", [titanic_dataset.xlsx]dataset!D5 )+2)
2022-03-20 11:46:12**** WARNING **** Title : LastName : CM : Unable to evaluate : =TRIM(LEFT( "" , FIND(",", "" ,1)-1))
2022-03-20 11:46:12**** WARNING **** Title : FirstName : CF : Unable to evaluate : =MID( [titanic_dataset.xlsx]dataset!D5 , Error 2015 , Error 2015 )
2022-03-20 11:46:12**** WARNING **** Title : Fare_2022 : CM : Unable to evaluate : =TEXT(  * 28.98 * 100 ,"0")
 
2022-03-20 11:46:12 : Processing row : 6
2022-03-20 11:46:12**** WARNING **** Title : StartNamePos : CF : Unable to evaluate : =IF("True" = "False" , FIND("(", [titanic_dataset.xlsx]dataset!D6 ) +1 , SEARCH(". ", [titanic_dataset.xlsx]dataset!D6 )+2)
2022-03-20 11:46:12**** WARNING **** Title : LenName : CF : Unable to evaluate : =IF( "True" = "False" ,  FIND(")", [titanic_dataset.xlsx]dataset!D6 ) - FIND("(", [titanic_dataset.xlsx]dataset!D6 )-1, LEN( [titanic_dataset.xlsx]dataset!D6 )-SEARCH(". ", [titanic_dataset.xlsx]dataset!D6 )+2)
2022-03-20 11:46:12**** WARNING **** Title : LastName : CM : Unable to evaluate : =TRIM(LEFT( "" , FIND(",", "" ,1)-1))
2022-03-20 11:46:12**** WARNING **** Title : FirstName : CF : Unable to evaluate : =MID( [titanic_dataset.xlsx]dataset!D6 , Error 2015 , Error 2015 )
2022-03-20 11:46:12**** WARNING **** Title : Fare_2022 : CM : Unable to evaluate : =TEXT(  * 28.98 * 100 ,"0")
 
2022-03-20 11:46:12 : Processing row : 7
2022-03-20 11:46:12**** WARNING **** Title : StartNamePos : CF : Unable to evaluate : =IF("True" = "False" , FIND("(", [titanic_dataset.xlsx]dataset!D7 ) +1 , SEARCH(". ", [titanic_dataset.xlsx]dataset!D7 )+2)
2022-03-20 11:46:12**** WARNING **** Title : LenName : CF : Unable to evaluate : =IF( "True" = "False" ,  FIND(")", [titanic_dataset.xlsx]dataset!D7 ) - FIND("(", [titanic_dataset.xlsx]dataset!D7 )-1, LEN( [titanic_dataset.xlsx]dataset!D7 )-SEARCH(". ", [titanic_dataset.xlsx]dataset!D7 )+2)
2022-03-20 11:46:12**** WARNING **** Title : LastName : CM : Unable to evaluate : =TRIM(LEFT( "" , FIND(",", "" ,1)-1))
2022-03-20 11:46:12**** WARNING **** Title : FirstName : CF : Unable to evaluate : =MID( [titanic_dataset.xlsx]dataset!D7 , Error 2015 , Error 2015 )
2022-03-20 11:46:12**** WARNING **** Title : Fare_2022 : CM : Unable to evaluate : =TEXT(  * 28.98 * 100 ,"0")
 
2022-03-20 11:46:12 : Processing row : 8
2022-03-20 11:46:12**** WARNING **** Title : StartNamePos : CF : Unable to evaluate : =IF("True" = "False" , FIND("(", [titanic_dataset.xlsx]dataset!D8 ) +1 , SEARCH(". ", [titanic_dataset.xlsx]dataset!D8 )+2)
2022-03-20 11:46:12**** WARNING **** Title : LenName : CF : Unable to evaluate : =IF( "True" = "False" ,  FIND(")", [titanic_dataset.xlsx]dataset!D8 ) - FIND("(", [titanic_dataset.xlsx]dataset!D8 )-1, LEN( [titanic_dataset.xlsx]dataset!D8 )-SEARCH(". ", [titanic_dataset.xlsx]dataset!D8 )+2)
2022-03-20 11:46:12**** WARNING **** Title : LastName : CM : Unable to evaluate : =TRIM(LEFT( "" , FIND(",", "" ,1)-1))
2022-03-20 11:46:12**** WARNING **** Title : FirstName : CF : Unable to evaluate : =MID( [titanic_dataset.xlsx]dataset!D8 , Error 2015 , Error 2015 )
2022-03-20 11:46:12**** WARNING **** Title : Fare_2022 : CM : Unable to evaluate : =TEXT(  * 28.98 * 100 ,"0")
 
2022-03-20 11:46:12 : Processing row : 9
2022-03-20 11:46:12**** WARNING **** Title : StartNamePos : CF : Unable to evaluate : =IF("True" = "False" , FIND("(", [titanic_dataset.xlsx]dataset!D9 ) +1 , SEARCH(". ", [titanic_dataset.xlsx]dataset!D9 )+2)
2022-03-20 11:46:12**** WARNING **** Title : LenName : CF : Unable to evaluate : =IF( "True" = "False" ,  FIND(")", [titanic_dataset.xlsx]dataset!D9 ) - FIND("(", [titanic_dataset.xlsx]dataset!D9 )-1, LEN( [titanic_dataset.xlsx]dataset!D9 )-SEARCH(". ", [titanic_dataset.xlsx]dataset!D9 )+2)
2022-03-20 11:46:12**** WARNING **** Title : LastName : CM : Unable to evaluate : =TRIM(LEFT( "" , FIND(",", "" ,1)-1))
2022-03-20 11:46:12**** WARNING **** Title : FirstName : CF : Unable to evaluate : =MID( [titanic_dataset.xlsx]dataset!D9 , Error 2015 , Error 2015 )
2022-03-20 11:46:12**** WARNING **** Title : Fare_2022 : CM : Unable to evaluate : =TEXT(  * 28.98 * 100 ,"0")
 
2022-03-20 11:46:12 : Processing row : 10
2022-03-20 11:46:12**** WARNING **** Title : StartNamePos : CF : Unable to evaluate : =IF("True" = "False" , FIND("(", [titanic_dataset.xlsx]dataset!D10 ) +1 , SEARCH(". ", [titanic_dataset.xlsx]dataset!D10 )+2)
2022-03-20 11:46:12**** WARNING **** Title : LenName : CF : Unable to evaluate : =IF( "True" = "False" ,  FIND(")", [titanic_dataset.xlsx]dataset!D10 ) - FIND("(", [titanic_dataset.xlsx]dataset!D10 )-1, LEN( [titanic_dataset.xlsx]dataset!D10 )-SEARCH(". ", [titanic_dataset.xlsx]dataset!D10 )+2)
2022-03-20 11:46:12**** WARNING **** Title : LastName : CM : Unable to evaluate : =TRIM(LEFT( "" , FIND(",", "" ,1)-1))
2022-03-20 11:46:12**** WARNING **** Title : FirstName : CF : Unable to evaluate : =MID( [titanic_dataset.xlsx]dataset!D10 , Error 2015 , Error 2015 )
2022-03-20 11:46:12**** WARNING **** Title : Fare_2022 : CM : Unable to evaluate : =TEXT(  * 28.98 * 100 ,"0")
 
2022-03-20 11:46:12 : Processing row : 11
2022-03-20 11:46:12**** WARNING **** Title : StartNamePos : CF : Unable to evaluate : =IF("True" = "False" , FIND("(", [titanic_dataset.xlsx]dataset!D11 ) +1 , SEARCH(". ", [titanic_dataset.xlsx]dataset!D11 )+2)
2022-03-20 11:46:12**** WARNING **** Title : LenName : CF : Unable to evaluate : =IF( "True" = "False" ,  FIND(")", [titanic_dataset.xlsx]dataset!D11 ) - FIND("(", [titanic_dataset.xlsx]dataset!D11 )-1, LEN( [titanic_dataset.xlsx]dataset!D11 )-SEARCH(". ", [titanic_dataset.xlsx]dataset!D11 )+2)
2022-03-20 11:46:12**** WARNING **** Title : LastName : CM : Unable to evaluate : =TRIM(LEFT( "" , FIND(",", "" ,1)-1))
2022-03-20 11:46:12**** WARNING **** Title : FirstName : CF : Unable to evaluate : =MID( [titanic_dataset.xlsx]dataset!D11 , Error 2015 , Error 2015 )
2022-03-20 11:46:12**** WARNING **** Title : Fare_2022 : CM : Unable to evaluate : =TEXT(  * 28.98 * 100 ,"0")
 
2022-03-20 11:46:12 : Processing row : 12
2022-03-20 11:46:12**** WARNING **** Title : StartNamePos : CF : Unable to evaluate : =IF("True" = "False" , FIND("(", [titanic_dataset.xlsx]dataset!D12 ) +1 , SEARCH(". ", [titanic_dataset.xlsx]dataset!D12 )+2)
2022-03-20 11:46:12**** WARNING **** Title : LenName : CF : Unable to evaluate : =IF( "True" = "False" ,  FIND(")", [titanic_dataset.xlsx]dataset!D12 ) - FIND("(", [titanic_dataset.xlsx]dataset!D12 )-1, LEN( [titanic_dataset.xlsx]dataset!D12 )-SEARCH(". ", [titanic_dataset.xlsx]dataset!D12 )+2)
2022-03-20 11:46:12**** WARNING **** Title : LastName : CM : Unable to evaluate : =TRIM(LEFT( "" , FIND(",", "" ,1)-1))
2022-03-20 11:46:12**** WARNING **** Title : FirstName : CF : Unable to evaluate : =MID( [titanic_dataset.xlsx]dataset!D12 , Error 2015 , Error 2015 )
2022-03-20 11:46:12**** WARNING **** Title : Fare_2022 : CM : Unable to evaluate : =TEXT(  * 28.98 * 100 ,"0")
 
2022-03-20 11:46:12 : Processing row : 13
2022-03-20 11:46:12**** WARNING **** Title : StartNamePos : CF : Unable to evaluate : =IF("True" = "False" , FIND("(", [titanic_dataset.xlsx]dataset!D13 ) +1 , SEARCH(". ", [titanic_dataset.xlsx]dataset!D13 )+2)
2022-03-20 11:46:12**** WARNING **** Title : LenName : CF : Unable to evaluate : =IF( "True" = "False" ,  FIND(")", [titanic_dataset.xlsx]dataset!D13 ) - FIND("(", [titanic_dataset.xlsx]dataset!D13 )-1, LEN( [titanic_dataset.xlsx]dataset!D13 )-SEARCH(". ", [titanic_dataset.xlsx]dataset!D13 )+2)
2022-03-20 11:46:12**** WARNING **** Title : LastName : CM : Unable to evaluate : =TRIM(LEFT( "" , FIND(",", "" ,1)-1))
2022-03-20 11:46:12**** WARNING **** Title : FirstName : CF : Unable to evaluate : =MID( [titanic_dataset.xlsx]dataset!D13 , Error 2015 , Error 2015 )
2022-03-20 11:46:12**** WARNING **** Title : Fare_2022 : CM : Unable to evaluate : =TEXT(  * 28.98 * 100 ,"0")
 
2022-03-20 11:46:12 : Processing row : 14
2022-03-20 11:46:12**** WARNING **** Title : StartNamePos : CF : Unable to evaluate : =IF("True" = "False" , FIND("(", [titanic_dataset.xlsx]dataset!D14 ) +1 , SEARCH(". ", [titanic_dataset.xlsx]dataset!D14 )+2)
2022-03-20 11:46:12**** WARNING **** Title : LenName : CF : Unable to evaluate : =IF( "True" = "False" ,  FIND(")", [titanic_dataset.xlsx]dataset!D14 ) - FIND("(", [titanic_dataset.xlsx]dataset!D14 )-1, LEN( [titanic_dataset.xlsx]dataset!D14 )-SEARCH(". ", [titanic_dataset.xlsx]dataset!D14 )+2)
2022-03-20 11:46:12**** WARNING **** Title : LastName : CM : Unable to evaluate : =TRIM(LEFT( "" , FIND(",", "" ,1)-1))
2022-03-20 11:46:12**** WARNING **** Title : FirstName : CF : Unable to evaluate : =MID( [titanic_dataset.xlsx]dataset!D14 , Error 2015 , Error 2015 )
2022-03-20 11:46:12**** WARNING **** Title : Fare_2022 : CM : Unable to evaluate : =TEXT(  * 28.98 * 100 ,"0")
2022-03-20 11:46:12 : Processing completed
